<?xml version="1.0" encoding="utf-8"?><testsuites name="pytest tests"><testsuite name="pytest" errors="0" failures="1" skipped="0" tests="30" time="9.827" timestamp="2026-05-10T19:05:26.482863+00:00" hostname="agent-env-9a4a7b23-3dde-4579-88c1-3fad589c82e1"><testcase classname="backend.tests.test_iteration2.TestGoogleSession" name="test_missing_session_id_returns_400" time="0.302" /><testcase classname="backend.tests.test_iteration2.TestGoogleSession" name="test_bogus_session_id_returns_401" time="0.178" /><testcase classname="backend.tests.test_iteration2.TestGoogleSession" name="test_me_with_seeded_session_token" time="0.116" /><testcase classname="backend.tests.test_iteration2.TestGoogleSession" name="test_seeded_session_can_use_crud" time="0.058" /><testcase classname="backend.tests.test_iteration2.TestLogout" name="test_logout_jwt_returns_ok" time="0.330" /><testcase classname="backend.tests.test_iteration2.TestLogout" name="test_logout_deletes_session_row" time="0.126" /><testcase classname="backend.tests.test_iteration2.TestStripeCheckout" name="test_create_checkout_session" time="0.534" /><testcase classname="backend.tests.test_iteration2.TestStripeCheckout" name="test_get_checkout_status" time="0.214"><failure message="AssertionError: Internal Server Error&#10;assert 500 == 200&#10; +  where 500 = &lt;Response [500]&gt;.status_code">backend/tests/test_iteration2.py:183: in test_get_checkout_status
    assert r.status_code == 200, r.text
E   AssertionError: Internal Server Error
E   assert 500 == 200
E    +  where 500 = &lt;Response [500]&gt;.status_code</failure></testcase><testcase classname="backend.tests.test_iteration2.TestMusicSearch" name="test_search_jazz" time="0.449" /><testcase classname="backend.tests.test_iteration2.TestMusicSearch" name="test_search_empty_returns_empty" time="0.049" /><testcase classname="backend.tests.test_iteration2.TestMusicSearch" name="test_search_requires_auth" time="0.046" /><testcase classname="backend.tests.test_travelnest_api.TestAuth" name="test_health" time="0.124" /><testcase classname="backend.tests.test_travelnest_api.TestAuth" name="test_register_duplicate_returns_400" time="0.323" /><testcase classname="backend.tests.test_travelnest_api.TestAuth" name="test_login_wrong_password" time="0.270" /><testcase classname="backend.tests.test_travelnest_api.TestAuth" name="test_me_requires_token" time="0.049" /><testcase classname="backend.tests.test_travelnest_api.TestAuth" name="test_me_with_token" time="0.049" /><testcase classname="backend.tests.test_travelnest_api.TestAuthScope" name="test_bookings_requires_auth" time="0.048" /><testcase classname="backend.tests.test_travelnest_api.TestAuthScope" name="test_payments_requires_auth" time="0.051" /><testcase classname="backend.tests.test_travelnest_api.TestAuthScope" name="test_safety_requires_auth" time="0.048" /><testcase classname="backend.tests.test_travelnest_api.TestBookingsAndOrders" name="test_create_and_list_booking" time="0.105" /><testcase classname="backend.tests.test_travelnest_api.TestBookingsAndOrders" name="test_create_rail_food" time="0.053" /><testcase classname="backend.tests.test_travelnest_api.TestBookingsAndOrders" name="test_create_plane_plan" time="0.049" /><testcase classname="backend.tests.test_travelnest_api.TestSafety" name="test_contact_create_list_delete" time="0.153" /><testcase classname="backend.tests.test_travelnest_api.TestSafety" name="test_safety_message_chips" time="0.195" /><testcase classname="backend.tests.test_travelnest_api.TestSafety" name="test_gps_ping" time="0.052" /><testcase classname="backend.tests.test_travelnest_api.TestPartnerPaymentMusic" name="test_partner_lead" time="0.051" /><testcase classname="backend.tests.test_travelnest_api.TestPartnerPaymentMusic" name="test_payment_queue_and_sync" time="0.102" /><testcase classname="backend.tests.test_travelnest_api.TestPartnerPaymentMusic" name="test_music_save" time="0.048" /><testcase classname="backend.tests.test_travelnest_api.TestNovaChat" name="test_chat_then_history" time="5.400" /><testcase classname="backend.tests.test_travelnest_api.TestStats" name="test_stats_shape" time="0.055" /></testsuite></testsuites>