<?xml version="1.0" encoding="utf-8"?><testsuites name="pytest tests"><testsuite name="pytest" errors="0" failures="0" skipped="0" tests="19" time="9.917" timestamp="2026-05-10T18:51:38.029764+00:00" hostname="agent-env-9a4a7b23-3dde-4579-88c1-3fad589c82e1"><testcase classname="backend.tests.test_travelnest_api.TestAuth" name="test_health" time="0.356" /><testcase classname="backend.tests.test_travelnest_api.TestAuth" name="test_register_duplicate_returns_400" time="0.351" /><testcase classname="backend.tests.test_travelnest_api.TestAuth" name="test_login_wrong_password" time="0.300" /><testcase classname="backend.tests.test_travelnest_api.TestAuth" name="test_me_requires_token" time="0.066" /><testcase classname="backend.tests.test_travelnest_api.TestAuth" name="test_me_with_token" time="0.049" /><testcase classname="backend.tests.test_travelnest_api.TestAuthScope" name="test_bookings_requires_auth" time="0.049" /><testcase classname="backend.tests.test_travelnest_api.TestAuthScope" name="test_payments_requires_auth" time="0.050" /><testcase classname="backend.tests.test_travelnest_api.TestAuthScope" name="test_safety_requires_auth" time="0.049" /><testcase classname="backend.tests.test_travelnest_api.TestBookingsAndOrders" name="test_create_and_list_booking" time="0.138" /><testcase classname="backend.tests.test_travelnest_api.TestBookingsAndOrders" name="test_create_rail_food" time="0.076" /><testcase classname="backend.tests.test_travelnest_api.TestBookingsAndOrders" name="test_create_plane_plan" time="0.081" /><testcase classname="backend.tests.test_travelnest_api.TestSafety" name="test_contact_create_list_delete" time="0.198" /><testcase classname="backend.tests.test_travelnest_api.TestSafety" name="test_safety_message_chips" time="0.227" /><testcase classname="backend.tests.test_travelnest_api.TestSafety" name="test_gps_ping" time="0.071" /><testcase classname="backend.tests.test_travelnest_api.TestPartnerPaymentMusic" name="test_partner_lead" time="0.072" /><testcase classname="backend.tests.test_travelnest_api.TestPartnerPaymentMusic" name="test_payment_queue_and_sync" time="0.127" /><testcase classname="backend.tests.test_travelnest_api.TestPartnerPaymentMusic" name="test_music_save" time="0.067" /><testcase classname="backend.tests.test_travelnest_api.TestNovaChat" name="test_chat_then_history" time="7.279" /><testcase classname="backend.tests.test_travelnest_api.TestStats" name="test_stats_shape" time="0.049" /></testsuite></testsuites>